# JRE version: Java(TM) SE Runtime Environment (9.0+11) (build 9.0.4+11)
# Java VM: Java HotSpot(TM) 64-Bit Server VM (9.0.4+11, mixed mode, tiered, compressed oops, g1 gc, windows-amd64)
Heap:
 garbage-first heap   total 153600K, used 116584K [0x0000000700000000, 0x00000007001004b0, 0x00000007c0000000)
  region size 1024K, 37 young (37888K), 3 survivors (3072K)
 Metaspace       used 83194K, capacity 85839K, committed 91312K, reserved 1126400K
  class space    used 11776K, capacity 12284K, committed 13488K, reserved 1048576K
GC Heap History (10 events):
Event: 3358.181 GC heap before
{Heap before GC invocations=319 (full 5):
 garbage-first heap   total 150528K, used 148655K [0x0000000700000000, 0x0000000700100498, 0x00000007c0000000)
  region size 1024K, 55 young (56320K), 1 survivors (1024K)
 Metaspace       used 82849K, capacity 85441K, committed 91056K, reserved 1126400K
  class space    used 11771K, capacity 12281K, committed 13488K, reserved 1048576K
}
Event: 3358.185 GC heap after
{Heap after GC invocations=320 (full 5):
 garbage-first heap   total 151552K, used 89376K [0x0000000700000000, 0x00000007001004a0, 0x00000007c0000000)
  region size 1024K, 1 young (1024K), 1 survivors (1024K)
 Metaspace       used 82849K, capacity 85441K, committed 91056K, reserved 1126400K
  class space    used 11771K, capacity 12281K, committed 13488K, reserved 1048576K
}
Event: 3363.200 GC heap before
{Heap before GC invocations=321 (full 5):
 garbage-first heap   total 151552K, used 149792K [0x0000000700000000, 0x00000007001004a0, 0x00000007c0000000)
  region size 1024K, 60 young (61440K), 1 survivors (1024K)
 Metaspace       used 82880K, capacity 85455K, committed 91056K, reserved 1126400K
  class space    used 11773K, capacity 12284K, committed 13488K, reserved 1048576K
}
Event: 3363.203 GC heap after
{Heap after GC invocations=322 (full 5):
 garbage-first heap   total 153600K, used 85758K [0x0000000700000000, 0x00000007001004b0, 0x00000007c0000000)
  region size 1024K, 2 young (2048K), 2 survivors (2048K)
 Metaspace       used 82880K, capacity 85455K, committed 91056K, reserved 1126400K
  class space    used 11773K, capacity 12284K, committed 13488K, reserved 1048576K
}
Event: 3363.338 GC heap before
{Heap before GC invocations=322 (full 5):
 garbage-first heap   total 153600K, used 145150K [0x0000000700000000, 0x00000007001004b0, 0x00000007c0000000)
  region size 1024K, 60 young (61440K), 2 survivors (2048K)
 Metaspace       used 83140K, capacity 85711K, committed 91312K, reserved 1126400K
  class space    used 11776K, capacity 12284K, committed 13488K, reserved 1048576K
}
Event: 3363.340 GC heap after
{Heap after GC invocations=323 (full 5):
 garbage-first heap   total 153600K, used 85494K [0x0000000700000000, 0x00000007001004b0, 0x00000007c0000000)
  region size 1024K, 2 young (2048K), 2 survivors (2048K)
 Metaspace       used 83140K, capacity 85711K, committed 91312K, reserved 1126400K
  class space    used 11776K, capacity 12284K, committed 13488K, reserved 1048576K
}
Event: 3363.862 GC heap before
{Heap before GC invocations=324 (full 5):
 garbage-first heap   total 153600K, used 144886K [0x0000000700000000, 0x00000007001004b0, 0x00000007c0000000)
  region size 1024K, 60 young (61440K), 2 survivors (2048K)
 Metaspace       used 83183K, capacity 85775K, committed 91312K, reserved 1126400K
  class space    used 11776K, capacity 12284K, committed 13488K, reserved 1048576K
}
Event: 3363.867 GC heap after
{Heap after GC invocations=325 (full 5):
 garbage-first heap   total 153600K, used 87618K [0x0000000700000000, 0x00000007001004b0, 0x00000007c0000000)
  region size 1024K, 4 young (4096K), 4 survivors (4096K)
 Metaspace       used 83183K, capacity 85775K, committed 91312K, reserved 1126400K
  class space    used 11776K, capacity 12284K, committed 13488K, reserved 1048576K
}
Event: 3364.050 GC heap before
{Heap before GC invocations=325 (full 5):
 garbage-first heap   total 153600K, used 144962K [0x0000000700000000, 0x00000007001004b0, 0x00000007c0000000)
  region size 1024K, 60 young (61440K), 4 survivors (4096K)
 Metaspace       used 83193K, capacity 85839K, committed 91312K, reserved 1126400K
  class space    used 11776K, capacity 12284K, committed 13488K, reserved 1048576K
}
Event: 3364.056 GC heap after
{Heap after GC invocations=326 (full 5):
 garbage-first heap   total 153600K, used 82792K [0x0000000700000000, 0x00000007001004b0, 0x00000007c0000000)
  region size 1024K, 3 young (3072K), 3 survivors (3072K)
 Metaspace       used 83193K, capacity 85839K, committed 91312K, reserved 1126400K
  class space    used 11776K, capacity 12284K, committed 13488K, reserved 1048576K
}

